-------------------- Log Start | Sun Mar  8 15:36:39 2026 --------------------
platform: Linux-5.16.17-sun50iw9-aarch64-with-glibc2.31
data_path: /home/biqu/printer_data
is_default_data_path: False
config_file: /home/biqu/printer_data/config/moonraker.conf
startup_warnings: []
verbose: False
debug: False
asyncio_debug: False
is_backup_config: False
is_python_package: False
instance_uuid: fe577593f80e40a38195a6285ed38e3e
unix_socket_path: /home/biqu/printer_data/comms/moonraker.sock
software_version: v0.8.0-324-ga3e4dac
git_branch: master
git_remote: origin
git_repo_url: https://github.com/Arksine/moonraker.git
modified_files: []
unofficial_components: []
log_file: /home/biqu/printer_data/logs/moonraker.log
python_version: 3.9.2 (default, Feb 28 2021, 17:03:44)  [GCC 10.2.1 20210110]
launch_args: /home/biqu/moonraker-env/bin/python /home/biqu/moonraker/moonraker/moonraker.py -d /home/biqu/printer_data
msgspec_enabled: False
uvloop_enabled: False

#################### Moonraker Configuration ####################

[server]
host = 0.0.0.0
port = 7125
klippy_uds_address = /home/biqu/printer_data/comms/klippy.sock

[authorization]
trusted_clients = 
	10.0.0.0/8
	127.0.0.0/8
	169.254.0.0/16
	172.16.0.0/12
	192.168.0.0/16
	FE80::/10
	::1/128
cors_domains = 
	*.lan
	*.local
	*://localhost
	*://localhost:*
	*://my.mainsail.xyz
	*://app.fluidd.xyz

[octoprint_compat]

[history]

[update_manager]
channel = dev
refresh_interval = 168

[update_manager mainsail-config]
type = git_repo
primary_branch = master
path = ~/mainsail-config
origin = https://github.com/mainsail-crew/mainsail-config.git
managed_services = klipper

[update_manager mainsail]
type = web
channel = stable
repo = mainsail-crew/mainsail
path = ~/mainsail

[update_manager crowsnest]
type = git_repo
path = ~/crowsnest
origin = https://github.com/mainsail-crew/crowsnest.git
managed_services = crowsnest
install_script = tools/pkglist.sh

[update_manager sonar]
type = git_repo
path = ~/sonar
origin = https://github.com/mainsail-crew/sonar.git
primary_branch = main
managed_services = sonar
install_script = tools/install.sh

[update_manager timelapse]
type = git_repo
primary_branch = main
path = ~/moonraker-timelapse
origin = https://github.com/mainsail-crew/moonraker-timelapse.git
managed_services = klipper moonraker

[update_manager print_area_bed_mesh]
type = git_repo
path = ~/print_area_bed_mesh
origin = https://github.com/Turge08/print_area_bed_mesh.git
is_system_service = False

[update_manager KlipperScreen]
type = git_repo
path = ~/KlipperScreen
origin = https://github.com/jordanruthe/KlipperScreen.git
virtualenv = ~/.KlipperScreen-env
requirements = scripts/KlipperScreen-requirements.txt
system_dependencies = scripts/system-dependencies.json
managed_services = KlipperScreen

#################################################################
All Configuration Files:
/home/biqu/printer_data/config/moonraker.conf
#################################################################

Database Versions: pylmdb = 1.4.1, lmdb = (0, 9, 29)
Unsafe Shutdown Count: 80

System Info:

***python***
  version: (3, 9, 2, 'final', 0)
  version_string: 3.9.2 (default, Feb 28 2021, 17:03:44)  [GCC 10.2.1 20210110]

***cpu_info***
  cpu_count: 4
  bits: 64bit
  processor: aarch64
  cpu_desc: 
  serial_number: 
  hardware_desc: 
  model: 
  total_memory: 1010636
  memory_units: kB

***sd_info***

***distribution***
  name: BTT-CB1 2.3.4 Bullseye
  id: debian
  version: 11
  version_parts: {'major': '11', 'minor': '', 'build_number': ''}
  like: 
  codename: bullseye
  release_info: {}
  kernel_version: 5.16.17-sun50iw9

***virtualization***
  virt_type: none
  virt_identifier: none

***network***

***canbus***

***Allowed Services***
  klipper_mcu
  webcamd
  MoonCord
  KlipperScreen
  moonraker-telegram-bot
  moonraker-obico
  sonar
  crowsnest
  octoeverywhere
  ratos-configurator
Module libcamera unavailble, import failed

Systemd unit moonraker.service:
unit_name: moonraker.service
is_default: True
manager: systemd
Properties:
**Requires=['system.slice', 'sysinit.target', '-.mount', 'network-online.target']
**After=['basic.target', 'network-online.target', 'sysinit.target', 'system.slice', '-.mount', 'systemd-journald.socket']
**SupplementaryGroups=['moonraker-admin']
**EnvironmentFiles=/home/biqu/printer_data/systemd/moonraker.env
**ExecStart=/home/biqu/moonraker-env/bin/python $MOONRAKER_ARGS
**WorkingDirectory=/home/biqu/moonraker
**FragmentPath=/etc/systemd/system/moonraker.service
**Description=API Server for Klipper SV1
**User=biqu

Systemd unit klipper.service:
unit_name: klipper.service
is_default: True
manager: systemd
Properties:
**Requires=['sysinit.target', '-.mount', 'system.slice']
**After=['systemd-journald.socket', 'network-online.target', 'basic.target', 'sysinit.target', 'system.slice', 'klipper-mcu.service', '-.mount']
**SupplementaryGroups=[]
**EnvironmentFiles=/home/biqu/printer_data/systemd/klipper.env
**ExecStart=/home/biqu/klippy-env/bin/python $KLIPPER_ARGS
**WorkingDirectory=/home/biqu/klipper
**FragmentPath=/etc/systemd/system/klipper.service
**Description=Klipper 3D Printer Firmware SV1
**User=biqu
Git Repo moonraker: Warnings detected:
  Repo has untracked source files: ['moonraker/components/timelapse.py']
Git Repo klipper: No warnings detected
Git Repo mainsail-config: No warnings detected
Git Repo crowsnest: No warnings detected
Git Repo sonar: No warnings detected
Git Repo timelapse: No warnings detected
Git Repo print_area_bed_mesh: No warnings detected
Git Repo KlipperScreen: No warnings detected
Klipper Version: v0.12.0-125-gbfb71bc2d
2026-03-08 15:36:39,773 [klippy_connection.py:_request_initial_subscriptions()] - Webhooks Subscribed
2026-03-08 15:36:39,777 [klippy_connection.py:_request_initial_subscriptions()] - GCode Output Subscribed
2026-03-08 15:36:39,784 [klippy_connection.py:_check_ready()] - 
mcu 'mcu': Unable to connect
Once the underlying issue is corrected, use the
"FIRMWARE_RESTART" command to reset the firmware, reload the
config, and restart the host software.
Error configuring printer

2026-03-08 15:40:13,502 [authorization.py:_prune_conn_handler()] - Trusted Connection Expired, IP: 127.0.0.1
-------------------- Log Start | Sat Mar  7 16:18:05 2026 --------------------
platform: Linux-5.16.17-sun50iw9-aarch64-with-glibc2.31
data_path: /home/biqu/printer_data
is_default_data_path: False
config_file: /home/biqu/printer_data/config/moonraker.conf
startup_warnings: []
verbose: False
debug: False
asyncio_debug: False
is_backup_config: False
is_python_package: False
instance_uuid: fe577593f80e40a38195a6285ed38e3e
unix_socket_path: /home/biqu/printer_data/comms/moonraker.sock
software_version: v0.8.0-324-ga3e4dac
git_branch: master
git_remote: origin
git_repo_url: https://github.com/Arksine/moonraker.git
modified_files: []
unofficial_components: []
log_file: /home/biqu/printer_data/logs/moonraker.log
python_version: 3.9.2 (default, Feb 28 2021, 17:03:44)  [GCC 10.2.1 20210110]
launch_args: /home/biqu/moonraker-env/bin/python /home/biqu/moonraker/moonraker/moonraker.py -d /home/biqu/printer_data
msgspec_enabled: False
uvloop_enabled: False
2026-03-07 16:18:05,121 [confighelper.py:read_file()] - Configuration File '/home/biqu/printer_data/config/moonraker.conf' parsed, total size: 1824 B
2026-03-07 16:18:05,123 [server.py:add_log_rollover_item()] - 
#################### Moonraker Configuration ####################

[server]
host = 0.0.0.0
port = 7125
klippy_uds_address = /home/biqu/printer_data/comms/klippy.sock

[authorization]
trusted_clients = 
	10.0.0.0/8
	127.0.0.0/8
	169.254.0.0/16
	172.16.0.0/12
	192.168.0.0/16
	FE80::/10
	::1/128
cors_domains = 
	*.lan
	*.local
	*://localhost
	*://localhost:*
	*://my.mainsail.xyz
	*://app.fluidd.xyz

[octoprint_compat]

[history]

[update_manager]
channel = dev
refresh_interval = 168

[update_manager mainsail-config]
type = git_repo
primary_branch = master
path = ~/mainsail-config
origin = https://github.com/mainsail-crew/mainsail-config.git
managed_services = klipper

[update_manager mainsail]
type = web
channel = stable
repo = mainsail-crew/mainsail
path = ~/mainsail

[update_manager crowsnest]
type = git_repo
path = ~/crowsnest
origin = https://github.com/mainsail-crew/crowsnest.git
managed_services = crowsnest
install_script = tools/pkglist.sh

[update_manager sonar]
type = git_repo
path = ~/sonar
origin = https://github.com/mainsail-crew/sonar.git
primary_branch = main
managed_services = sonar
install_script = tools/install.sh

[update_manager timelapse]
type = git_repo
primary_branch = main
path = ~/moonraker-timelapse
origin = https://github.com/mainsail-crew/moonraker-timelapse.git
managed_services = klipper moonraker

[update_manager print_area_bed_mesh]
type = git_repo
path = ~/print_area_bed_mesh
origin = https://github.com/Turge08/print_area_bed_mesh.git
is_system_service = False

[update_manager KlipperScreen]
type = git_repo
path = ~/KlipperScreen
origin = https://github.com/jordanruthe/KlipperScreen.git
virtualenv = ~/.KlipperScreen-env
requirements = scripts/KlipperScreen-requirements.txt
system_dependencies = scripts/system-dependencies.json
managed_services = KlipperScreen

#################################################################
All Configuration Files:
/home/biqu/printer_data/config/moonraker.conf
#################################################################
2026-03-07 16:18:05,727 [server.py:load_component()] - Component (secrets) loaded
2026-03-07 16:18:05,786 [server.py:load_component()] - Component (template) loaded
2026-03-07 16:18:05,832 [server.py:load_component()] - Component (klippy_connection) loaded
2026-03-07 16:18:08,078 [server.py:load_component()] - Component (application) loaded
2026-03-07 16:18:08,168 [server.py:load_component()] - Component (websockets) loaded
2026-03-07 16:18:08,456 [server.py:load_component()] - Component (dbus_manager) loaded
2026-03-07 16:18:08,570 [server.py:add_log_rollover_item()] - 
Database Versions: pylmdb = 1.4.1, lmdb = (0, 9, 29)
Unsafe Shutdown Count: 81
2026-03-07 16:18:08,697 [server.py:load_component()] - Component (database) loaded
2026-03-07 16:18:08,800 [file_manager.py:__init__()] - Using File System Observer: inotify
2026-03-07 16:18:08,920 [server.py:load_component()] - Component (file_manager) loaded
2026-03-07 16:18:09,020 [authorization.py:__init__()] - Authorization Configuration Loaded
Trusted Clients:
10.0.0.0/8
127.0.0.0/8
169.254.0.0/16
172.16.0.0/12
192.168.0.0/16
fe80::/10
::1/128
CORS Domains:
.*\.lan
.*\.local
.*://localhost
.*://localhost:.*
.*://my\.mainsail\.xyz
.*://app\.fluidd\.xyz
2026-03-07 16:18:09,035 [server.py:load_component()] - Component (authorization) loaded
2026-03-07 16:18:09,051 [server.py:load_component()] - Component (klippy_apis) loaded
2026-03-07 16:18:10,024 [server.py:add_log_rollover_item()] - 
System Info:

***python***
  version: (3, 9, 2, 'final', 0)
  version_string: 3.9.2 (default, Feb 28 2021, 17:03:44)  [GCC 10.2.1 20210110]

***cpu_info***
  cpu_count: 4
  bits: 64bit
  processor: aarch64
  cpu_desc: 
  serial_number: 
  hardware_desc: 
  model: 
  total_memory: 1010636
  memory_units: kB

***sd_info***

***distribution***
  name: BTT-CB1 2.3.4 Bullseye
  id: debian
  version: 11
  version_parts: {'major': '11', 'minor': '', 'build_number': ''}
  like: 
  codename: bullseye
  release_info: {}
  kernel_version: 5.16.17-sun50iw9

***virtualization***
  virt_type: none
  virt_identifier: none

***network***

***canbus***

***Allowed Services***
  klipper_mcu
  webcamd
  MoonCord
  KlipperScreen
  moonraker-telegram-bot
  moonraker-obico
  sonar
  crowsnest
  octoeverywhere
  ratos-configurator
2026-03-07 16:18:10,038 [server.py:load_component()] - Component (shell_command) loaded
2026-03-07 16:18:10,038 [machine.py:__init__()] - Using System Provider: systemd_dbus
2026-03-07 16:18:10,062 [server.py:add_log_rollover_item()] - Module libcamera unavailble, import failed
2026-03-07 16:18:10,062 [server.py:load_component()] - Component (machine) loaded
2026-03-07 16:18:10,081 [server.py:load_component()] - Component (data_store) loaded
2026-03-07 16:18:10,093 [proc_stats.py:__init__()] - Unable to find 'vcgencmd', throttle checking disabled
2026-03-07 16:18:10,095 [server.py:load_component()] - Component (proc_stats) loaded
2026-03-07 16:18:10,103 [server.py:load_component()] - Component (job_state) loaded
2026-03-07 16:18:10,119 [server.py:load_component()] - Component (job_queue) loaded
2026-03-07 16:18:10,158 [server.py:load_component()] - Component (http_client) loaded
2026-03-07 16:18:10,174 [server.py:load_component()] - Component (announcements) loaded
2026-03-07 16:18:10,187 [server.py:load_component()] - Component (webcam) loaded
2026-03-07 16:18:10,196 [server.py:load_component()] - Component (extensions) loaded
2026-03-07 16:18:10,476 [base_deploy.py:log_info()] - Git Repo moonraker: Detected virtualenv: /home/biqu/moonraker-env
2026-03-07 16:18:10,488 [base_deploy.py:log_info()] - Git Repo klipper: Detected virtualenv: /home/biqu/klippy-env
2026-03-07 16:18:10,527 [base_deploy.py:log_info()] - Git Repo KlipperScreen: Detected virtualenv: /home/biqu/.KlipperScreen-env
2026-03-07 16:18:10,545 [server.py:load_component()] - Component (update_manager) loaded
2026-03-07 16:18:10,575 [server.py:load_component()] - Component (history) loaded
2026-03-07 16:18:10,601 [server.py:load_component()] - Component (octoprint_compat) loaded
2026-03-07 16:18:10,605 [server.py:_initialize_component()] - Performing Component Post Init: [dbus_manager]
2026-03-07 16:18:10,799 [server.py:_initialize_component()] - Performing Component Post Init: [file_manager]
2026-03-07 16:18:11,734 [server.py:_initialize_component()] - Performing Component Post Init: [authorization]
2026-03-07 16:18:11,734 [server.py:_initialize_component()] - Performing Component Post Init: [machine]
2026-03-07 16:18:11,736 [machine.py:validation_init()] - Installation version in database up to date
2026-03-07 16:18:13,144 [machine.py:check_virt_status()] - No Virtualization Detected
2026-03-07 16:18:13,168 [machine.py:_find_public_ip()] - Detected Local IP: 192.168.18.126
2026-03-07 16:18:13,174 [webcam.py:_set_default_host_ip()] - Default public webcam address set: http://192.168.18.126
2026-03-07 16:18:13,316 [server.py:add_log_rollover_item()] - 
Systemd unit moonraker.service:
unit_name: moonraker.service
is_default: True
manager: systemd
Properties:
**Requires=['network-online.target', 'system.slice', '-.mount', 'sysinit.target']
**After=['system.slice', '-.mount', 'network-online.target', 'systemd-journald.socket', 'sysinit.target', 'basic.target']
**SupplementaryGroups=['moonraker-admin']
**EnvironmentFiles=/home/biqu/printer_data/systemd/moonraker.env
**ExecStart=/home/biqu/moonraker-env/bin/python $MOONRAKER_ARGS
**WorkingDirectory=/home/biqu/moonraker
**FragmentPath=/etc/systemd/system/moonraker.service
**Description=API Server for Klipper SV1
**User=biqu
2026-03-07 16:18:13,317 [server.py:_initialize_component()] - Performing Component Post Init: [proc_stats]
2026-03-07 16:18:13,317 [server.py:_initialize_component()] - Performing Component Post Init: [announcements]
2026-03-07 16:18:13,326 [server.py:_initialize_component()] - Performing Component Post Init: [webcam]
2026-03-07 16:18:13,328 [webcam.py:_set_default_host_ip()] - Default public webcam address set: http://192.168.18.126
2026-03-07 16:18:13,330 [server.py:_initialize_component()] - Performing Component Post Init: [klippy_connection]
2026-03-07 16:18:13,331 [server.py:add_log_rollover_item()] - 
Systemd unit klipper.service:
unit_name: klipper.service
is_default: True
manager: systemd
Properties:
**Requires=['sysinit.target', '-.mount', 'system.slice']
**After=['systemd-journald.socket', 'network-online.target', 'basic.target', 'sysinit.target', 'system.slice', 'klipper-mcu.service', '-.mount']
**SupplementaryGroups=[]
**EnvironmentFiles=/home/biqu/printer_data/systemd/klipper.env
**ExecStart=/home/biqu/klippy-env/bin/python $KLIPPER_ARGS
**WorkingDirectory=/home/biqu/klipper
**FragmentPath=/etc/systemd/system/klipper.service
**Description=Klipper 3D Printer Firmware SV1
**User=biqu
2026-03-07 16:18:13,331 [server.py:_initialize_component()] - Performing Component Post Init: [update_manager]
2026-03-07 16:18:13,338 [server.py:_initialize_component()] - Performing Component Post Init: [history]
2026-03-07 16:18:14,244 [base_deploy.py:log_info()] - PackageDeploy: PackageKit Provider Configured
2026-03-07 16:18:14,250 [git_deploy.py:log_repo_info()] - Git Repo moonraker Detected:
Owner: Arksine
Repository Name: moonraker
Path: /home/biqu/moonraker
Remote: origin
Branch: master
Remote URL: https://github.com/Arksine/moonraker.git
Recovery URL: https://github.com/Arksine/moonraker.git
Current Commit SHA: a3e4dac5fb20f8dfc0857a252eef5219d5e0ec4c
Upstream Commit SHA: 3fbe6ee218d98c2d3f1ab9fe3f291ae47c543bb2
Current Version: v0.8.0-324-ga3e4dac5
Upstream Version: v0.10.0-9-g3fbe6ee2
Rollback Commit: a3e4dac5fb20f8dfc0857a252eef5219d5e0ec4c
Rollback Branch: master
Rollback Version: v0.8.0-324-ga3e4dac5
Is Dirty: False
Is Detached: False
Is Shallow: False
Commits Behind Count: 252
Diverged: False
Repo Warnings:
  Repo has untracked source files: ['moonraker/components/timelapse.py']
2026-03-07 16:18:14,254 [git_deploy.py:log_repo_info()] - Git Repo klipper Detected:
Owner: Klipper3d
Repository Name: klipper
Path: /home/biqu/klipper
Remote: origin
Branch: master
Remote URL: https://github.com/Klipper3d/klipper
Recovery URL: https://github.com/Klipper3d/klipper
Current Commit SHA: bfb71bc2dc63f2911a11ebf580f82b1e8b2706c4
Upstream Commit SHA: 88a71c3ce5383085b18d87d76ac42686ec7fad9f
Current Version: v0.12.0-125-gbfb71bc2
Upstream Version: v0.13.0-572-g88a71c3c
Rollback Commit: bfb71bc2dc63f2911a11ebf580f82b1e8b2706c4
Rollback Branch: master
Rollback Version: v0.12.0-125-gbfb71bc2
Is Dirty: False
Is Detached: False
Is Shallow: False
Commits Behind Count: 940
Diverged: False
2026-03-07 16:18:14,258 [git_deploy.py:log_repo_info()] - Git Repo mainsail-config Detected:
Owner: mainsail-crew
Repository Name: mainsail-config
Path: /home/biqu/mainsail-config
Remote: origin
Branch: master
Remote URL: https://github.com/mainsail-crew/mainsail-config.git
Recovery URL: https://github.com/mainsail-crew/mainsail-config.git
Current Commit SHA: e57810d51b5c634aadaca4db923bfcba269ae4b3
Upstream Commit SHA: ff3869a621db17ce3ef660adbbd3fa321995ac42
Current Version: v1.2.1-0-ge57810d5
Upstream Version: v1.2.1-1-gff3869a6
Rollback Commit: e57810d51b5c634aadaca4db923bfcba269ae4b3
Rollback Branch: master
Rollback Version: v1.2.1-0-ge57810d5
Is Dirty: False
Is Detached: False
Is Shallow: False
Commits Behind Count: 1
Diverged: False
2026-03-07 16:18:14,271 [base_deploy.py:log_info()] - Web Client mainsail: Detected
Repo: mainsail-crew/mainsail
Channel: stable
Path: /home/biqu/mainsail
Local Version: v2.10.0
Remote Version: v2.17.0
Valid: True
Fallback Detected: False
Pre-release: False
Download Url: https://github.com/mainsail-crew/mainsail/releases/download/v2.17.0/mainsail.zip
Download Size: 3001860
Content Type: application/zip
Rollback Version: v2.10.0
Rollback Repo: mainsail-crew/mainsail
2026-03-07 16:18:14,275 [git_deploy.py:log_repo_info()] - Git Repo crowsnest Detected:
Owner: mainsail-crew
Repository Name: crowsnest
Path: /home/biqu/crowsnest
Remote: origin
Branch: master
Remote URL: https://github.com/mainsail-crew/crowsnest.git
Recovery URL: https://github.com/mainsail-crew/crowsnest.git
Current Commit SHA: e96cd46ffb4a42ae1fbf23118caa68dd0dac0597
Upstream Commit SHA: 9cc3d4af94bcc67741ddf07ac301df5de8ba23a4
Current Version: v4.1.6-1-ge96cd46f
Upstream Version: v4.1.17-1-g9cc3d4af
Rollback Commit: e96cd46ffb4a42ae1fbf23118caa68dd0dac0597
Rollback Branch: master
Rollback Version: v4.1.6-1-ge96cd46f
Is Dirty: False
Is Detached: False
Is Shallow: False
Commits Behind Count: 55
Diverged: False
2026-03-07 16:18:14,278 [git_deploy.py:log_repo_info()] - Git Repo sonar Detected:
Owner: mainsail-crew
Repository Name: sonar
Path: /home/biqu/sonar
Remote: origin
Branch: main
Remote URL: https://github.com/mainsail-crew/sonar.git
Recovery URL: https://github.com/mainsail-crew/sonar.git
Current Commit SHA: eacc498a52f79292063b6f9b0e0c191c34c5dc09
Upstream Commit SHA: 0d1d7c89bbb97fb5f54c80f7814ef322c24d6e45
Current Version: v0.1.3-1-geacc498a
Upstream Version: v0.2.0-1-g0d1d7c89
Rollback Commit: eacc498a52f79292063b6f9b0e0c191c34c5dc09
Rollback Branch: main
Rollback Version: v0.1.3-1-geacc498a
Is Dirty: False
Is Detached: False
Is Shallow: False
Commits Behind Count: 9
Diverged: False
2026-03-07 16:18:14,282 [git_deploy.py:log_repo_info()] - Git Repo timelapse Detected:
Owner: mainsail-crew
Repository Name: moonraker-timelapse
Path: /home/biqu/moonraker-timelapse
Remote: origin
Branch: main
Remote URL: https://github.com/mainsail-crew/moonraker-timelapse.git
Recovery URL: https://github.com/mainsail-crew/moonraker-timelapse.git
Current Commit SHA: c7fff11e542b95e0e15b8bb1443cea8159ac0274
Upstream Commit SHA: c7fff11e542b95e0e15b8bb1443cea8159ac0274
Current Version: v0.0.1-143-gc7fff11e
Upstream Version: v0.0.1-143-gc7fff11e
Rollback Commit: c7fff11e542b95e0e15b8bb1443cea8159ac0274
Rollback Branch: main
Rollback Version: v0.0.1-143-gc7fff11e
Is Dirty: False
Is Detached: False
Is Shallow: False
Commits Behind Count: 0
Diverged: False
2026-03-07 16:18:14,285 [git_deploy.py:log_repo_info()] - Git Repo print_area_bed_mesh Detected:
Owner: Turge08
Repository Name: print_area_bed_mesh
Path: /home/biqu/print_area_bed_mesh
Remote: origin
Branch: master
Remote URL: https://github.com/Turge08/print_area_bed_mesh.git
Recovery URL: https://github.com/Turge08/print_area_bed_mesh.git
Current Commit SHA: 53451c9dedd331c2ead0fbd0f55ee15c37d41b1f
Upstream Commit SHA: 53451c9dedd331c2ead0fbd0f55ee15c37d41b1f
Current Version: v1.2.1-21-g53451c9d
Upstream Version: v1.2.1-21-g53451c9d
Rollback Commit: 53451c9dedd331c2ead0fbd0f55ee15c37d41b1f
Rollback Branch: master
Rollback Version: v1.2.1-21-g53451c9d
Is Dirty: False
Is Detached: False
Is Shallow: False
Commits Behind Count: 0
Diverged: False
2026-03-07 16:18:14,289 [git_deploy.py:log_repo_info()] - Git Repo KlipperScreen Detected:
Owner: jordanruthe
Repository Name: KlipperScreen
Path: /home/biqu/KlipperScreen
Remote: origin
Branch: master
Remote URL: https://github.com/jordanruthe/KlipperScreen.git
Recovery URL: https://github.com/jordanruthe/KlipperScreen.git
Current Commit SHA: daed9a098bef760c772127bf28a4f73e6f85a932
Upstream Commit SHA: 4fb43ff6b8313e47ca068c1619feadadcc3b14ec
Current Version: v0.3.9-50-gdaed9a09
Upstream Version: v0.4.6-49-g4fb43ff6
Rollback Commit: daed9a098bef760c772127bf28a4f73e6f85a932
Rollback Branch: master
Rollback Version: v0.3.9-50-gdaed9a09
Is Dirty: False
Is Detached: False
Is Shallow: False
Commits Behind Count: 511
Diverged: False
2026-03-07 16:18:14,290 [base_deploy.py:log_info()] - PackageKit: Next refresh in: 5 Days, 6 Hours, 59 Minutes, 14 Seconds
2026-03-07 16:18:14,291 [base_deploy.py:log_info()] - Git Repo moonraker: Next refresh in: 5 Days, 6 Hours, 59 Minutes, 16 Seconds
2026-03-07 16:18:14,291 [base_deploy.py:log_info()] - Git Repo klipper: Next refresh in: 5 Days, 6 Hours, 59 Minutes, 35 Seconds
2026-03-07 16:18:14,291 [base_deploy.py:log_info()] - Git Repo mainsail-config: Next refresh in: 5 Days, 6 Hours, 59 Minutes, 37 Seconds
2026-03-07 16:18:14,291 [base_deploy.py:log_info()] - Web Client mainsail: Next refresh in: 5 Days, 6 Hours, 59 Minutes, 37 Seconds
2026-03-07 16:18:14,291 [base_deploy.py:log_info()] - Git Repo crowsnest: Next refresh in: 5 Days, 6 Hours, 59 Minutes, 39 Seconds
2026-03-07 16:18:14,292 [base_deploy.py:log_info()] - Git Repo sonar: Next refresh in: 5 Days, 6 Hours, 59 Minutes, 41 Seconds
2026-03-07 16:18:14,292 [base_deploy.py:log_info()] - Git Repo timelapse: Next refresh in: 5 Days, 6 Hours, 59 Minutes, 42 Seconds
2026-03-07 16:18:14,292 [base_deploy.py:log_info()] - Git Repo print_area_bed_mesh: Next refresh in: 5 Days, 6 Hours, 59 Minutes, 44 Seconds
2026-03-07 16:18:14,292 [base_deploy.py:log_info()] - Git Repo KlipperScreen: Next refresh in: 5 Days, 6 Hours, 59 Minutes, 47 Seconds
2026-03-07 16:18:14,300 [extensions.py:start_unix_server()] - Creating Unix Domain Socket at '/home/biqu/printer_data/comms/moonraker.sock'
2026-03-07 16:18:14,305 [server.py:start_server()] - Starting Moonraker on (0.0.0.0, 7125), Hostname: BTT-CB1
2026-03-07 16:18:14,308 [application.py:listen()] - SSL Certificate/Key not configured, aborting HTTPS Server startup
2026-03-07 16:18:18,104 [authorization.py:_check_trusted_connection()] - Trusted Connection Detected, IP: 127.0.0.1
2026-03-07 16:18:18,155 [application.py:log_request()] - 101 GET /websocket?token=AERS2DWAFOQUTMXJUDLCW4ZAZA7L2XQI (127.0.0.1) [_TRUSTED_USER_] 8.72ms
2026-03-07 16:18:18,157 [websockets.py:open()] - Websocket Opened: ID: 281472805787728, Proxied: False, User Agent: , Host Name: 127.0.0.1
2026-03-07 16:18:21,924 [klippy_connection.py:_do_connect()] - Klippy Connection Established
2026-03-07 16:18:22,075 [server.py:add_log_rollover_item()] - 
Systemd unit klipper.service:
unit_name: klipper.service
is_default: True
manager: systemd
Properties:
**Requires=['system.slice', '-.mount', 'sysinit.target']
**After=['systemd-journald.socket', 'network-online.target', 'klipper-mcu.service', 'system.slice', 'basic.target', 'sysinit.target', '-.mount']
**SupplementaryGroups=[]
**EnvironmentFiles=/home/biqu/printer_data/systemd/klipper.env
**ExecStart=/home/biqu/klippy-env/bin/python $KLIPPER_ARGS
**WorkingDirectory=/home/biqu/klipper
**FragmentPath=/etc/systemd/system/klipper.service
**Description=Klipper 3D Printer Firmware SV1
**User=biqu
2026-03-07 16:18:24,041 [server.py:add_log_rollover_item()] - Klipper Version: v0.12.0-125-gbfb71bc2d
2026-03-08 15:52:20,340 [klippy_connection.py:_request_initial_subscriptions()] - Webhooks Subscribed
2026-03-08 15:52:20,346 [klippy_connection.py:_request_initial_subscriptions()] - GCode Output Subscribed
2026-03-08 15:52:20,354 [klippy_connection.py:_check_ready()] - 
mcu 'mcu': Unable to connect
Once the underlying issue is corrected, use the
"FIRMWARE_RESTART" command to reset the firmware, reload the
config, and restart the host software.
Error configuring printer

2026-03-08 15:55:37,715 [authorization.py:_prune_conn_handler()] - Trusted Connection Expired, IP: 127.0.0.1
